#
# A fatal error has been detected by the Java Runtime Environment:
#
#  Internal Error (generateOopMap.cpp:2164), pid=982, tid=18179
#  fatal error: Illegal class file encountered. Try running with -Xverify:all in method Test1
#
# JRE version: Java(TM) SE Runtime Environment 18.9 (11.0.12+8) (build 11.0.12+8-LTS-237)
# Java VM: Java HotSpot(TM) 64-Bit Server VM 18.9 (11.0.12+8-LTS-237, mixed mode, tiered, compressed oops, g1 gc, bsd-amd64)
# No core dump will be written. Core dumps have been disabled. To enable core dumping, try "ulimit -c unlimited" before starting Java again
#
# If you would like to submit a bug report, please visit:
#   https://bugreport.java.com/bugreport/crash.jsp
#

---------------  S U M M A R Y ------------

Command Line: -agentlib:jdwp=transport=dt_socket,suspend=y,address=localhost:54620 -ea -Dfile.encoding=UTF-8 org.testng.remote.RemoteTestNG -serport 54619 -protocol json -d /Users/chiranjeebsarkar/eclipse-workspace/Aytomation_Tutorial/OrangeHRM/test-output /var/folders/tv/d5ggt3291q903h_gh8c_fr300000gn/T/testng-eclipse--170077944/testng-customsuite.xml

Host: MacBookAir7,2 x86_64 1800 MHz, 4 cores, 8G, Darwin 21.2.0
Time: Thu Dec 23 10:32:58 2021 IST elapsed time: 969.184411 seconds (0d 0h 16m 9s)

---------------  T H R E A D  ---------------

Current thread (0x00007f828d85d800):  VMThread "VM Thread" [stack: 0x00007000075dd000,0x00007000076dd000] [id=18179]

Stack: [0x00007000075dd000,0x00007000076dd000],  sp=0x00007000076dbf40,  free space=1019k
Native frames: (J=compiled Java code, A=aot compiled Java code, j=interpreted, Vv=VM code, C=native code)
V  [libjvm.dylib+0x7959fc]  _ZN7VMError14report_and_dieEiPKcS1_P13__va_list_tagP6ThreadPhPvS7_S1_im+0x54c
V  [libjvm.dylib+0x79618d]  _ZN7VMError14report_and_dieEP6ThreadPvPKciS4_S4_P13__va_list_tag+0x3f
V  [libjvm.dylib+0x2615d1]  _Z12report_fatalPKciS0_z+0xb5
V  [libjvm.dylib+0x34f5fd]  _ZN14GenerateOopMap10error_workEPKcP13__va_list_tag+0xdf
V  [libjvm.dylib+0x34c4da]  _ZN14GenerateOopMap12report_errorEPKcz+0x7c
V  [libjvm.dylib+0x34ca05]  _ZN14GenerateOopMap3popEv+0x35
V  [libjvm.dylib+0x34ea78]  _ZN14GenerateOopMap5ppop1E13CellTypeState+0x12
V  [libjvm.dylib+0x34e7ab]  _ZN14GenerateOopMap2ppEP13CellTypeStateS1_+0x25
V  [libjvm.dylib+0x34ebdf]  _ZN14GenerateOopMap8do_fieldEiiii+0x103
V  [libjvm.dylib+0x34d16f]  _ZN14GenerateOopMap9interp_bbEP10BasicBlock+0xdb
V  [libjvm.dylib+0x63d488]  _ZN19OopMapForCacheEntry11compute_mapEP6Thread+0x8e
V  [libjvm.dylib+0x63dc3a]  _ZN16OopMapCacheEntry4fillERK12methodHandlei+0xac
V  [libjvm.dylib+0x63e529]  _ZN11OopMapCache19compute_one_oop_mapERK12methodHandleiP17InterpreterOopMap+0x5d
V  [libjvm.dylib+0x60305c]  _ZN6Method8mask_forEiP17InterpreterOopMap+0x7e
V  [libjvm.dylib+0x50c895]  _ZN16VM_GetOrSetLocal4doitEv+0x45
V  [libjvm.dylib+0x79f1a3]  _ZN12VM_Operation8evaluateEv+0xd5
V  [libjvm.dylib+0x79e5ab]  _ZN8VMThread18evaluate_operationEP12VM_Operation+0x139
V  [libjvm.dylib+0x79dffb]  _ZN8VMThread4loopEv+0xed
V  [libjvm.dylib+0x79de21]  _ZN8VMThread3runEv+0x6f
V  [libjvm.dylib+0x7418de]  _ZN6Thread8call_runEv+0x68
V  [libjvm.dylib+0x6468d2]  _ZL19thread_native_entryP6Thread+0x136
C  [libsystem_pthread.dylib+0x64f4]  _pthread_start+0x7d
C  [libsystem_pthread.dylib+0x200f]  thread_start+0xf

VM_Operation (0x0000700007ffaa60): GetOrSetLocal, mode: safepoint, requested by thread 0x00007f828f823000


---------------  P R O C E S S  ---------------

Threads class SMR info:
_java_thread_list=0x0000600003ae5020, length=19, elements={
0x00007f828e813800, 0x00007f828d85e000, 0x00007f828e810000, 0x00007f828d85b800,
0x00007f828d866800, 0x00007f828d867000, 0x00007f828f822800, 0x00007f828e810800,
0x00007f828f823000, 0x00007f828d902000, 0x00007f828d900800, 0x00007f828f85f800,
0x00007f828f945800, 0x00007f828ea24000, 0x00007f828fb9c800, 0x00007f828f2c0800,
0x00007f828f29a000, 0x00007f828fbbd000, 0x00007f828db87000
}

Java Threads: ( => current thread )
  0x00007f828e813800 JavaThread "main" [_thread_blocked, id=10243, stack(0x0000700006fcb000,0x00007000070cb000)]
  0x00007f828d85e000 JavaThread "Reference Handler" daemon [_thread_blocked, id=17923, stack(0x00007000076e0000,0x00007000077e0000)]
  0x00007f828e810000 JavaThread "Finalizer" daemon [_thread_blocked, id=13315, stack(0x00007000077e3000,0x00007000078e3000)]
  0x00007f828d85b800 JavaThread "Signal Dispatcher" daemon [_thread_blocked, id=14851, stack(0x00007000079ec000,0x0000700007aec000)]
  0x00007f828d866800 JavaThread "Service Thread" daemon [_thread_blocked, id=21763, stack(0x0000700007aef000,0x0000700007bef000)]
  0x00007f828d867000 JavaThread "C2 CompilerThread0" daemon [_thread_blocked, id=22275, stack(0x0000700007bf2000,0x0000700007cf2000)]
  0x00007f828f822800 JavaThread "C1 CompilerThread0" daemon [_thread_blocked, id=43011, stack(0x0000700007cf5000,0x0000700007df5000)]
  0x00007f828e810800 JavaThread "Sweeper thread" daemon [_thread_blocked, id=42243, stack(0x0000700007df8000,0x0000700007ef8000)]
  0x00007f828f823000 JavaThread "JDWP Transport Listener: dt_socket" daemon [_thread_blocked, id=23555, stack(0x0000700007efb000,0x0000700007ffb000)] _threads_hazard_ptr=0x0000600003ae5020
  0x00007f828d902000 JavaThread "JDWP Event Helper Thread" daemon [_thread_blocked, id=24067, stack(0x0000700007ffe000,0x00007000080fe000)]
  0x00007f828d900800 JavaThread "JDWP Command Reader" daemon [_thread_in_native, id=24579, stack(0x0000700008101000,0x0000700008201000)]
  0x00007f828f85f800 JavaThread "Common-Cleaner" daemon [_thread_blocked, id=41219, stack(0x0000700008307000,0x0000700008407000)]
  0x00007f828f945800 JavaThread "ReaderThread" [_thread_in_native, id=25603, stack(0x000070000840a000,0x000070000850a000)]
  0x00007f828ea24000 JavaThread "Timer-0" daemon [_thread_blocked, id=27395, stack(0x0000700008a1c000,0x0000700008b1c000)]
  0x00007f828fb9c800 JavaThread "Exec Default Executor" daemon [_thread_blocked, id=38403, stack(0x0000700008b1f000,0x0000700008c1f000)]
  0x00007f828f2c0800 JavaThread "process reaper" daemon [_thread_in_native, id=37123, stack(0x0000700008d25000,0x0000700008d49000)]
  0x00007f828f29a000 JavaThread "Exec Stream Pumper" daemon [_thread_in_native, id=36611, stack(0x0000700008d4c000,0x0000700008e4c000)]
  0x00007f828fbbd000 JavaThread "Exec Stream Pumper" daemon [_thread_in_native, id=28675, stack(0x0000700008e4f000,0x0000700008f4f000)]
  0x00007f828db87000 JavaThread "Okio Watchdog" daemon [_thread_blocked, id=35843, stack(0x0000700009055000,0x0000700009155000)]

Other Threads:
=>0x00007f828d85d800 VMThread "VM Thread" [stack: 0x00007000075dd000,0x00007000076dd000] [id=18179]
  0x00007f828d903800 WatcherThread [stack: 0x0000700008204000,0x0000700008304000] [id=25091]
  0x00007f828f80d000 GCTaskThread "GC Thread#0" [stack: 0x00007000070ce000,0x00007000071ce000] [id=11267]
  0x00007f828e8f0800 GCTaskThread "GC Thread#1" [stack: 0x000070000850d000,0x000070000860d000] [id=26115]
  0x00007f828e9e9800 GCTaskThread "GC Thread#2" [stack: 0x0000700008610000,0x0000700008710000] [id=40195]
  0x00007f828e9ea000 GCTaskThread "GC Thread#3" [stack: 0x0000700008713000,0x0000700008813000] [id=39939]
  0x00007f828e833800 ConcurrentGCThread "G1 Main Marker" [stack: 0x00007000071d1000,0x00007000072d1000] [id=11779]
  0x00007f828f011000 ConcurrentGCThread "G1 Conc#0" [stack: 0x00007000072d4000,0x00007000073d4000] [id=12035]
  0x00007f828f042000 ConcurrentGCThread "G1 Refine#0" [stack: 0x00007000073d7000,0x00007000074d7000] [id=19715]
  0x00007f828d97a000 ConcurrentGCThread "G1 Refine#1" [stack: 0x0000700008816000,0x0000700008916000] [id=39683]
  0x00007f828f043000 ConcurrentGCThread "G1 Young RemSet Sampling" [stack: 0x00007000074da000,0x00007000075da000] [id=19203]

Threads with active compile tasks:

VM state:at safepoint (normal execution)

VM Mutex/Monitor currently owned by a thread:  ([mutex/lock_event])
[0x0000600001426180] Threads_lock - owner thread: 0x00007f828d85d800

Heap address: 0x0000000780000000, size: 2048 MB, Compressed Oops mode: Zero based, Oop shift amount: 3
Narrow klass base: 0x0000000800000000, Narrow klass shift: 0
Compressed class space size: 1073741824 Address: 0x0000000800000000

Heap:
 garbage-first heap   total 131072K, used 33804K [0x0000000780000000, 0x0000000800000000)
  region size 1024K, 31 young (31744K), 3 survivors (3072K)
 Metaspace       used 27548K, capacity 28171K, committed 28412K, reserved 1075200K
  class space    used 3069K, capacity 3298K, committed 3324K, reserved 1048576K
Heap Regions: E=young(eden), S=young(survivor), O=old, HS=humongous(starts), HC=humongous(continues), CS=collection set, F=free, A=archive, TAMS=top-at-mark-start (previous, next)
|   0|0x0000000780000000, 0x0000000780100000, 0x0000000780100000|100%| O|  |TAMS 0x0000000780100000, 0x0000000780000000| Untracked 
|   1|0x0000000780100000, 0x0000000780200000, 0x0000000780200000|100%| O|  |TAMS 0x0000000780200000, 0x0000000780100000| Untracked 
|   2|0x0000000780200000, 0x0000000780300000, 0x0000000780300000|100%| O|  |TAMS 0x0000000780300000, 0x0000000780200000| Untracked 
|   3|0x0000000780300000, 0x00000007803bc000, 0x0000000780400000| 73%| O|  |TAMS 0x00000007803bc000, 0x0000000780300000| Untracked 
|   4|0x0000000780400000, 0x0000000780400000, 0x0000000780500000|  0%| F|  |TAMS 0x0000000780400000, 0x0000000780400000| Untracked 
|   5|0x0000000780500000, 0x0000000780500000, 0x0000000780600000|  0%| F|  |TAMS 0x0000000780500000, 0x0000000780500000| Untracked 
|   6|0x0000000780600000, 0x0000000780600000, 0x0000000780700000|  0%| F|  |TAMS 0x0000000780600000, 0x0000000780600000| Untracked 
|   7|0x0000000780700000, 0x0000000780700000, 0x0000000780800000|  0%| F|  |TAMS 0x0000000780700000, 0x0000000780700000| Untracked 
|   8|0x0000000780800000, 0x0000000780800000, 0x0000000780900000|  0%| F|  |TAMS 0x0000000780800000, 0x0000000780800000| Untracked 
|   9|0x0000000780900000, 0x0000000780900000, 0x0000000780a00000|  0%| F|  |TAMS 0x0000000780900000, 0x0000000780900000| Untracked 
|  10|0x0000000780a00000, 0x0000000780a00000, 0x0000000780b00000|  0%| F|  |TAMS 0x0000000780a00000, 0x0000000780a00000| Untracked 
|  11|0x0000000780b00000, 0x0000000780b00000, 0x0000000780c00000|  0%| F|  |TAMS 0x0000000780b00000, 0x0000000780b00000| Untracked 
|  12|0x0000000780c00000, 0x0000000780c00000, 0x0000000780d00000|  0%| F|  |TAMS 0x0000000780c00000, 0x0000000780c00000| Untracked 
|  13|0x0000000780d00000, 0x0000000780d00000, 0x0000000780e00000|  0%| F|  |TAMS 0x0000000780d00000, 0x0000000780d00000| Untracked 
|  14|0x0000000780e00000, 0x0000000780e00000, 0x0000000780f00000|  0%| F|  |TAMS 0x0000000780e00000, 0x0000000780e00000| Untracked 
|  15|0x0000000780f00000, 0x0000000780f00000, 0x0000000781000000|  0%| F|  |TAMS 0x0000000780f00000, 0x0000000780f00000| Untracked 
|  16|0x0000000781000000, 0x0000000781000000, 0x0000000781100000|  0%| F|  |TAMS 0x0000000781000000, 0x0000000781000000| Untracked 
|  17|0x0000000781100000, 0x0000000781100000, 0x0000000781200000|  0%| F|  |TAMS 0x0000000781100000, 0x0000000781100000| Untracked 
|  18|0x0000000781200000, 0x0000000781200000, 0x0000000781300000|  0%| F|  |TAMS 0x0000000781200000, 0x0000000781200000| Untracked 
|  19|0x0000000781300000, 0x0000000781300000, 0x0000000781400000|  0%| F|  |TAMS 0x0000000781300000, 0x0000000781300000| Untracked 
|  20|0x0000000781400000, 0x0000000781400000, 0x0000000781500000|  0%| F|  |TAMS 0x0000000781400000, 0x0000000781400000| Untracked 
|  21|0x0000000781500000, 0x0000000781500000, 0x0000000781600000|  0%| F|  |TAMS 0x0000000781500000, 0x0000000781500000| Untracked 
|  22|0x0000000781600000, 0x0000000781600000, 0x0000000781700000|  0%| F|  |TAMS 0x0000000781600000, 0x0000000781600000| Untracked 
|  23|0x0000000781700000, 0x0000000781700000, 0x0000000781800000|  0%| F|  |TAMS 0x0000000781700000, 0x0000000781700000| Untracked 
|  24|0x0000000781800000, 0x0000000781800000, 0x0000000781900000|  0%| F|  |TAMS 0x0000000781800000, 0x0000000781800000| Untracked 
|  25|0x0000000781900000, 0x0000000781900000, 0x0000000781a00000|  0%| F|  |TAMS 0x0000000781900000, 0x0000000781900000| Untracked 
|  26|0x0000000781a00000, 0x0000000781a00000, 0x0000000781b00000|  0%| F|  |TAMS 0x0000000781a00000, 0x0000000781a00000| Untracked 
|  27|0x0000000781b00000, 0x0000000781b00000, 0x0000000781c00000|  0%| F|  |TAMS 0x0000000781b00000, 0x0000000781b00000| Untracked 
|  28|0x0000000781c00000, 0x0000000781c00000, 0x0000000781d00000|  0%| F|  |TAMS 0x0000000781c00000, 0x0000000781c00000| Untracked 
|  29|0x0000000781d00000, 0x0000000781d00000, 0x0000000781e00000|  0%| F|  |TAMS 0x0000000781d00000, 0x0000000781d00000| Untracked 
|  30|0x0000000781e00000, 0x0000000781e00000, 0x0000000781f00000|  0%| F|  |TAMS 0x0000000781e00000, 0x0000000781e00000| Untracked 
|  31|0x0000000781f00000, 0x0000000781f00000, 0x0000000782000000|  0%| F|  |TAMS 0x0000000781f00000, 0x0000000781f00000| Untracked 
|  32|0x0000000782000000, 0x0000000782000000, 0x0000000782100000|  0%| F|  |TAMS 0x0000000782000000, 0x0000000782000000| Untracked 
|  33|0x0000000782100000, 0x0000000782100000, 0x0000000782200000|  0%| F|  |TAMS 0x0000000782100000, 0x0000000782100000| Untracked 
|  34|0x0000000782200000, 0x0000000782200000, 0x0000000782300000|  0%| F|  |TAMS 0x0000000782200000, 0x0000000782200000| Untracked 
|  35|0x0000000782300000, 0x0000000782300000, 0x0000000782400000|  0%| F|  |TAMS 0x0000000782300000, 0x0000000782300000| Untracked 
|  36|0x0000000782400000, 0x0000000782400000, 0x0000000782500000|  0%| F|  |TAMS 0x0000000782400000, 0x0000000782400000| Untracked 
|  37|0x0000000782500000, 0x0000000782500000, 0x0000000782600000|  0%| F|  |TAMS 0x0000000782500000, 0x0000000782500000| Untracked 
|  38|0x0000000782600000, 0x0000000782600000, 0x0000000782700000|  0%| F|  |TAMS 0x0000000782600000, 0x0000000782600000| Untracked 
|  39|0x0000000782700000, 0x0000000782700000, 0x0000000782800000|  0%| F|  |TAMS 0x0000000782700000, 0x0000000782700000| Untracked 
|  40|0x0000000782800000, 0x0000000782800000, 0x0000000782900000|  0%| F|  |TAMS 0x0000000782800000, 0x0000000782800000| Untracked 
|  41|0x0000000782900000, 0x0000000782900000, 0x0000000782a00000|  0%| F|  |TAMS 0x0000000782900000, 0x0000000782900000| Untracked 
|  42|0x0000000782a00000, 0x0000000782a00000, 0x0000000782b00000|  0%| F|  |TAMS 0x0000000782a00000, 0x0000000782a00000| Untracked 
|  43|0x0000000782b00000, 0x0000000782b00000, 0x0000000782c00000|  0%| F|  |TAMS 0x0000000782b00000, 0x0000000782b00000| Untracked 
|  44|0x0000000782c00000, 0x0000000782c00000, 0x0000000782d00000|  0%| F|  |TAMS 0x0000000782c00000, 0x0000000782c00000| Untracked 
|  45|0x0000000782d00000, 0x0000000782d00000, 0x0000000782e00000|  0%| F|  |TAMS 0x0000000782d00000, 0x0000000782d00000| Untracked 
|  46|0x0000000782e00000, 0x0000000782e00000, 0x0000000782f00000|  0%| F|  |TAMS 0x0000000782e00000, 0x0000000782e00000| Untracked 
|  47|0x0000000782f00000, 0x0000000782f00000, 0x0000000783000000|  0%| F|  |TAMS 0x0000000782f00000, 0x0000000782f00000| Untracked 
|  48|0x0000000783000000, 0x0000000783000000, 0x0000000783100000|  0%| F|  |TAMS 0x0000000783000000, 0x0000000783000000| Untracked 
|  49|0x0000000783100000, 0x0000000783100000, 0x0000000783200000|  0%| F|  |TAMS 0x0000000783100000, 0x0000000783100000| Untracked 
|  50|0x0000000783200000, 0x0000000783200000, 0x0000000783300000|  0%| F|  |TAMS 0x0000000783200000, 0x0000000783200000| Untracked 
|  51|0x0000000783300000, 0x0000000783300000, 0x0000000783400000|  0%| F|  |TAMS 0x0000000783300000, 0x0000000783300000| Untracked 
|  52|0x0000000783400000, 0x0000000783400000, 0x0000000783500000|  0%| F|  |TAMS 0x0000000783400000, 0x0000000783400000| Untracked 
|  53|0x0000000783500000, 0x0000000783500000, 0x0000000783600000|  0%| F|  |TAMS 0x0000000783500000, 0x0000000783500000| Untracked 
|  54|0x0000000783600000, 0x0000000783600000, 0x0000000783700000|  0%| F|  |TAMS 0x0000000783600000, 0x0000000783600000| Untracked 
|  55|0x0000000783700000, 0x0000000783700000, 0x0000000783800000|  0%| F|  |TAMS 0x0000000783700000, 0x0000000783700000| Untracked 
|  56|0x0000000783800000, 0x0000000783800000, 0x0000000783900000|  0%| F|  |TAMS 0x0000000783800000, 0x0000000783800000| Untracked 
|  57|0x0000000783900000, 0x0000000783900000, 0x0000000783a00000|  0%| F|  |TAMS 0x0000000783900000, 0x0000000783900000| Untracked 
|  58|0x0000000783a00000, 0x0000000783a00000, 0x0000000783b00000|  0%| F|  |TAMS 0x0000000783a00000, 0x0000000783a00000| Untracked 
|  59|0x0000000783b00000, 0x0000000783b00000, 0x0000000783c00000|  0%| F|  |TAMS 0x0000000783b00000, 0x0000000783b00000| Untracked 
|  60|0x0000000783c00000, 0x0000000783c00000, 0x0000000783d00000|  0%| F|  |TAMS 0x0000000783c00000, 0x0000000783c00000| Untracked 
|  61|0x0000000783d00000, 0x0000000783d00000, 0x0000000783e00000|  0%| F|  |TAMS 0x0000000783d00000, 0x0000000783d00000| Untracked 
|  62|0x0000000783e00000, 0x0000000783e00000, 0x0000000783f00000|  0%| F|  |TAMS 0x0000000783e00000, 0x0000000783e00000| Untracked 
|  63|0x0000000783f00000, 0x0000000783f00000, 0x0000000784000000|  0%| F|  |TAMS 0x0000000783f00000, 0x0000000783f00000| Untracked 
|  64|0x0000000784000000, 0x0000000784000000, 0x0000000784100000|  0%| F|  |TAMS 0x0000000784000000, 0x0000000784000000| Untracked 
|  65|0x0000000784100000, 0x0000000784100000, 0x0000000784200000|  0%| F|  |TAMS 0x0000000784100000, 0x0000000784100000| Untracked 
|  66|0x0000000784200000, 0x0000000784200000, 0x0000000784300000|  0%| F|  |TAMS 0x0000000784200000, 0x0000000784200000| Untracked 
|  67|0x0000000784300000, 0x0000000784300000, 0x0000000784400000|  0%| F|  |TAMS 0x0000000784300000, 0x0000000784300000| Untracked 
|  68|0x0000000784400000, 0x0000000784400000, 0x0000000784500000|  0%| F|  |TAMS 0x0000000784400000, 0x0000000784400000| Untracked 
|  69|0x0000000784500000, 0x0000000784500000, 0x0000000784600000|  0%| F|  |TAMS 0x0000000784500000, 0x0000000784500000| Untracked 
|  70|0x0000000784600000, 0x0000000784600000, 0x0000000784700000|  0%| F|  |TAMS 0x0000000784600000, 0x0000000784600000| Untracked 
|  71|0x0000000784700000, 0x0000000784700000, 0x0000000784800000|  0%| F|  |TAMS 0x0000000784700000, 0x0000000784700000| Untracked 
|  72|0x0000000784800000, 0x0000000784800000, 0x0000000784900000|  0%| F|  |TAMS 0x0000000784800000, 0x0000000784800000| Untracked 
|  73|0x0000000784900000, 0x0000000784900000, 0x0000000784a00000|  0%| F|  |TAMS 0x0000000784900000, 0x0000000784900000| Untracked 
|  74|0x0000000784a00000, 0x0000000784a00000, 0x0000000784b00000|  0%| F|  |TAMS 0x0000000784a00000, 0x0000000784a00000| Untracked 
|  75|0x0000000784b00000, 0x0000000784b00000, 0x0000000784c00000|  0%| F|  |TAMS 0x0000000784b00000, 0x0000000784b00000| Untracked 
|  76|0x0000000784c00000, 0x0000000784c00000, 0x0000000784d00000|  0%| F|  |TAMS 0x0000000784c00000, 0x0000000784c00000| Untracked 
|  77|0x0000000784d00000, 0x0000000784d00000, 0x0000000784e00000|  0%| F|  |TAMS 0x0000000784d00000, 0x0000000784d00000| Untracked 
|  78|0x0000000784e00000, 0x0000000784e00000, 0x0000000784f00000|  0%| F|  |TAMS 0x0000000784e00000, 0x0000000784e00000| Untracked 
|  79|0x0000000784f00000, 0x0000000784f00000, 0x0000000785000000|  0%| F|  |TAMS 0x0000000784f00000, 0x0000000784f00000| Untracked 
|  80|0x0000000785000000, 0x0000000785000000, 0x0000000785100000|  0%| F|  |TAMS 0x0000000785000000, 0x0000000785000000| Untracked 
|  81|0x0000000785100000, 0x0000000785100000, 0x0000000785200000|  0%| F|  |TAMS 0x0000000785100000, 0x0000000785100000| Untracked 
|  82|0x0000000785200000, 0x0000000785200000, 0x0000000785300000|  0%| F|  |TAMS 0x0000000785200000, 0x0000000785200000| Untracked 
|  83|0x0000000785300000, 0x0000000785300000, 0x0000000785400000|  0%| F|  |TAMS 0x0000000785300000, 0x0000000785300000| Untracked 
|  84|0x0000000785400000, 0x0000000785400000, 0x0000000785500000|  0%| F|  |TAMS 0x0000000785400000, 0x0000000785400000| Untracked 
|  85|0x0000000785500000, 0x0000000785500000, 0x0000000785600000|  0%| F|  |TAMS 0x0000000785500000, 0x0000000785500000| Untracked 
|  86|0x0000000785600000, 0x0000000785600000, 0x0000000785700000|  0%| F|  |TAMS 0x0000000785600000, 0x0000000785600000| Untracked 
|  87|0x0000000785700000, 0x0000000785700000, 0x0000000785800000|  0%| F|  |TAMS 0x0000000785700000, 0x0000000785700000| Untracked 
|  88|0x0000000785800000, 0x0000000785800000, 0x0000000785900000|  0%| F|  |TAMS 0x0000000785800000, 0x0000000785800000| Untracked 
|  89|0x0000000785900000, 0x0000000785900000, 0x0000000785a00000|  0%| F|  |TAMS 0x0000000785900000, 0x0000000785900000| Untracked 
|  90|0x0000000785a00000, 0x0000000785a00000, 0x0000000785b00000|  0%| F|  |TAMS 0x0000000785a00000, 0x0000000785a00000| Untracked 
|  91|0x0000000785b00000, 0x0000000785b00000, 0x0000000785c00000|  0%| F|  |TAMS 0x0000000785b00000, 0x0000000785b00000| Untracked 
|  92|0x0000000785c00000, 0x0000000785c00000, 0x0000000785d00000|  0%| F|  |TAMS 0x0000000785c00000, 0x0000000785c00000| Untracked 
|  93|0x0000000785d00000, 0x0000000785d00000, 0x0000000785e00000|  0%| F|  |TAMS 0x0000000785d00000, 0x0000000785d00000| Untracked 
|  94|0x0000000785e00000, 0x0000000785e00000, 0x0000000785f00000|  0%| F|  |TAMS 0x0000000785e00000, 0x0000000785e00000| Untracked 
|  95|0x0000000785f00000, 0x0000000785f00000, 0x0000000786000000|  0%| F|  |TAMS 0x0000000785f00000, 0x0000000785f00000| Untracked 
|  96|0x0000000786000000, 0x0000000786000000, 0x0000000786100000|  0%| F|  |TAMS 0x0000000786000000, 0x0000000786000000| Untracked 
|  97|0x0000000786100000, 0x0000000786173ba0, 0x0000000786200000| 45%| E|  |TAMS 0x0000000786100000, 0x0000000786100000| Complete 
|  98|0x0000000786200000, 0x0000000786300000, 0x0000000786300000|100%| E|CS|TAMS 0x0000000786200000, 0x0000000786200000| Complete 
|  99|0x0000000786300000, 0x0000000786400000, 0x0000000786400000|100%| E|CS|TAMS 0x0000000786300000, 0x0000000786300000| Complete 
| 100|0x0000000786400000, 0x0000000786500000, 0x0000000786500000|100%| E|CS|TAMS 0x0000000786400000, 0x0000000786400000| Complete 
| 101|0x0000000786500000, 0x0000000786600000, 0x0000000786600000|100%| E|CS|TAMS 0x0000000786500000, 0x0000000786500000| Complete 
| 102|0x0000000786600000, 0x0000000786700000, 0x0000000786700000|100%| E|CS|TAMS 0x0000000786600000, 0x0000000786600000| Complete 
| 103|0x0000000786700000, 0x0000000786800000, 0x0000000786800000|100%| E|CS|TAMS 0x0000000786700000, 0x0000000786700000| Complete 
| 104|0x0000000786800000, 0x0000000786900000, 0x0000000786900000|100%| E|CS|TAMS 0x0000000786800000, 0x0000000786800000| Complete 
| 105|0x0000000786900000, 0x0000000786a00000, 0x0000000786a00000|100%| E|CS|TAMS 0x0000000786900000, 0x0000000786900000| Complete 
| 106|0x0000000786a00000, 0x0000000786b00000, 0x0000000786b00000|100%| E|CS|TAMS 0x0000000786a00000, 0x0000000786a00000| Complete 
| 107|0x0000000786b00000, 0x0000000786c00000, 0x0000000786c00000|100%| E|CS|TAMS 0x0000000786b00000, 0x0000000786b00000| Complete 
| 108|0x0000000786c00000, 0x0000000786d00000, 0x0000000786d00000|100%| E|CS|TAMS 0x0000000786c00000, 0x0000000786c00000| Complete 
| 109|0x0000000786d00000, 0x0000000786e00000, 0x0000000786e00000|100%| E|CS|TAMS 0x0000000786d00000, 0x0000000786d00000| Complete 
| 110|0x0000000786e00000, 0x0000000786f00000, 0x0000000786f00000|100%| E|CS|TAMS 0x0000000786e00000, 0x0000000786e00000| Complete 
| 111|0x0000000786f00000, 0x0000000786f47160, 0x0000000787000000| 27%| S|CS|TAMS 0x0000000786f00000, 0x0000000786f00000| Complete 
| 112|0x0000000787000000, 0x0000000787100000, 0x0000000787100000|100%| S|CS|TAMS 0x0000000787000000, 0x0000000787000000| Complete 
| 113|0x0000000787100000, 0x0000000787200000, 0x0000000787200000|100%| S|CS|TAMS 0x0000000787100000, 0x0000000787100000| Complete 
| 114|0x0000000787200000, 0x0000000787300000, 0x0000000787300000|100%| E|CS|TAMS 0x0000000787200000, 0x0000000787200000| Complete 
| 115|0x0000000787300000, 0x0000000787400000, 0x0000000787400000|100%| E|CS|TAMS 0x0000000787300000, 0x0000000787300000| Complete 
| 116|0x0000000787400000, 0x0000000787500000, 0x0000000787500000|100%| E|CS|TAMS 0x0000000787400000, 0x0000000787400000| Complete 
| 117|0x0000000787500000, 0x0000000787600000, 0x0000000787600000|100%| E|CS|TAMS 0x0000000787500000, 0x0000000787500000| Complete 
| 118|0x0000000787600000, 0x0000000787700000, 0x0000000787700000|100%| E|CS|TAMS 0x0000000787600000, 0x0000000787600000| Complete 
| 119|0x0000000787700000, 0x0000000787800000, 0x0000000787800000|100%| E|CS|TAMS 0x0000000787700000, 0x0000000787700000| Complete 
| 120|0x0000000787800000, 0x0000000787900000, 0x0000000787900000|100%| E|CS|TAMS 0x0000000787800000, 0x0000000787800000| Complete 
| 121|0x0000000787900000, 0x0000000787a00000, 0x0000000787a00000|100%| E|CS|TAMS 0x0000000787900000, 0x0000000787900000| Complete 
| 122|0x0000000787a00000, 0x0000000787b00000, 0x0000000787b00000|100%| E|CS|TAMS 0x0000000787a00000, 0x0000000787a00000| Complete 
| 123|0x0000000787b00000, 0x0000000787c00000, 0x0000000787c00000|100%| E|CS|TAMS 0x0000000787b00000, 0x0000000787b00000| Complete 
| 124|0x0000000787c00000, 0x0000000787d00000, 0x0000000787d00000|100%| E|CS|TAMS 0x0000000787c00000, 0x0000000787c00000| Complete 
| 125|0x0000000787d00000, 0x0000000787e00000, 0x0000000787e00000|100%| E|CS|TAMS 0x0000000787d00000, 0x0000000787d00000| Complete 
| 126|0x0000000787e00000, 0x0000000787f00000, 0x0000000787f00000|100%| E|CS|TAMS 0x0000000787e00000, 0x0000000787e00000| Complete 
| 127|0x0000000787f00000, 0x0000000788000000, 0x0000000788000000|100%| E|CS|TAMS 0x0000000787f00000, 0x0000000787f00000| Complete 

Card table byte_map: [0x00000001062ca000,0x00000001066ca000] _byte_map_base: 0x00000001026ca000

Marking Bits (Prev, Next): (CMBitMap*) 0x00007f828e82ae50, (CMBitMap*) 0x00007f828e82ae18
 Prev Bits: [0x0000000121acf000, 0x0000000123acf000)
 Next Bits: [0x0000000107af0000, 0x0000000109af0000)

Polling page: 0x0000000105bc4000

Metaspace:

Usage:
  Non-class:     24.29 MB capacity,    23.91 MB ( 98%) used,   323.07 KB (  1%) free+waste,    70.12 KB ( <1%) overhead. 
      Class:      3.22 MB capacity,     3.00 MB ( 93%) used,   196.69 KB (  6%) free+waste,    32.25 KB ( <1%) overhead. 
       Both:     27.51 MB capacity,    26.90 MB ( 98%) used,   519.76 KB (  2%) free+waste,   102.38 KB ( <1%) overhead. 

Virtual space:
  Non-class space:       26.00 MB reserved,      24.50 MB ( 94%) committed 
      Class space:        1.00 GB reserved,       3.25 MB ( <1%) committed 
             Both:        1.03 GB reserved,      27.75 MB (  3%) committed 

Chunk freelists:
   Non-Class:  8.88 KB
       Class:  0 bytes
        Both:  8.88 KB

CodeHeap 'non-profiled nmethods': size=120032Kb used=722Kb max_used=722Kb free=119309Kb
 bounds [0x000000011a597000, 0x000000011a807000, 0x0000000121acf000]
CodeHeap 'profiled nmethods': size=120032Kb used=4076Kb max_used=4076Kb free=115955Kb
 bounds [0x000000011305f000, 0x000000011345f000, 0x000000011a597000]
CodeHeap 'non-nmethods': size=5696Kb used=1227Kb max_used=1241Kb free=4468Kb
 bounds [0x0000000112acf000, 0x0000000112d3f000, 0x000000011305f000]
 total_blobs=2507 nmethods=1991 adapters=436
 compilation: enabled
              stopped_count=0, restarted_count=0
 full_count=0

Compilation events (10 events):
Event: 10.993 Thread 0x00007f828f822800 2012       3       java.nio.ByteBuffer::wrap (8 bytes)
Event: 10.993 Thread 0x00007f828d867000 2013       4       sun.reflect.generics.parser.SignatureParser::advance (53 bytes)
Event: 10.993 Thread 0x00007f828f822800 nmethod 2012 0x0000000113458810 code [0x00000001134589e0, 0x0000000113458d70]
Event: 10.995 Thread 0x00007f828d867000 nmethod 2013 0x000000011a64b210 code [0x000000011a64b3a0, 0x000000011a64b4b8]
Event: 10.996 Thread 0x00007f828f822800 2014       3       java.io.BufferedWriter::ensureOpen (18 bytes)
Event: 10.996 Thread 0x00007f828f822800 nmethod 2014 0x0000000113458f90 code [0x0000000113459140, 0x0000000113459360]
Event: 10.997 Thread 0x00007f828f822800 2015       3       java.lang.String::getChars (54 bytes)
Event: 10.997 Thread 0x00007f828f822800 nmethod 2015 0x0000000113459490 code [0x00000001134596a0, 0x0000000113459b70]
Event: 10.997 Thread 0x00007f828f822800 2016       3       java.io.Writer::write (11 bytes)
Event: 10.998 Thread 0x00007f828f822800 nmethod 2016 0x0000000113459d90 code [0x0000000113459f60, 0x000000011345a240]

GC Heap History (6 events):
Event: 1.909 GC heap before
{Heap before GC invocations=0 (full 0):
 garbage-first heap   total 131072K, used 13312K [0x0000000780000000, 0x0000000800000000)
  region size 1024K, 14 young (14336K), 0 survivors (0K)
 Metaspace       used 13680K, capacity 13920K, committed 14080K, reserved 1062912K
  class space    used 1359K, capacity 1467K, committed 1536K, reserved 1048576K
}
Event: 1.916 GC heap after
{Heap after GC invocations=1 (full 0):
 garbage-first heap   total 131072K, used 3728K [0x0000000780000000, 0x0000000800000000)
  region size 1024K, 2 young (2048K), 2 survivors (2048K)
 Metaspace       used 13680K, capacity 13920K, committed 14080K, reserved 1062912K
  class space    used 1359K, capacity 1467K, committed 1536K, reserved 1048576K
}
Event: 2.356 GC heap before
{Heap before GC invocations=1 (full 0):
 garbage-first heap   total 131072K, used 12944K [0x0000000780000000, 0x0000000800000000)
  region size 1024K, 11 young (11264K), 2 survivors (2048K)
 Metaspace       used 17229K, capacity 17595K, committed 17792K, reserved 1064960K
  class space    used 1776K, capacity 1878K, committed 1920K, reserved 1048576K
}
Event: 2.364 GC heap after
{Heap after GC invocations=2 (full 0):
 garbage-first heap   total 131072K, used 5019K [0x0000000780000000, 0x0000000800000000)
  region size 1024K, 2 young (2048K), 2 survivors (2048K)
 Metaspace       used 17229K, capacity 17595K, committed 17792K, reserved 1064960K
  class space    used 1776K, capacity 1878K, committed 1920K, reserved 1048576K
}
Event: 3.134 GC heap before
{Heap before GC invocations=2 (full 0):
 garbage-first heap   total 131072K, used 16283K [0x0000000780000000, 0x0000000800000000)
  region size 1024K, 14 young (14336K), 2 survivors (2048K)
 Metaspace       used 20762K, capacity 21048K, committed 21248K, reserved 1069056K
  class space    used 2153K, capacity 2241K, committed 2304K, reserved 1048576K
}
Event: 3.138 GC heap after
{Heap after GC invocations=3 (full 0):
 garbage-first heap   total 131072K, used 6156K [0x0000000780000000, 0x0000000800000000)
  region size 1024K, 3 young (3072K), 3 survivors (3072K)
 Metaspace       used 20762K, capacity 21048K, committed 21248K, reserved 1069056K
  class space    used 2153K, capacity 2241K, committed 2304K, reserved 1048576K
}

Deoptimization events (10 events):
Event: 2.980 Thread 0x00007f828e813800 Uncommon trap: reason=unstable_if action=reinterpret pc=0x000000011a5cd8a0 method=java.lang.Integer.parseInt(Ljava/lang/String;I)I @ 119 c2
Event: 3.069 Thread 0x00007f828e813800 Uncommon trap: reason=unstable_if action=reinterpret pc=0x000000011a5ff48c method=java.lang.StringLatin1.canEncode(I)Z @ 4 c2
Event: 3.070 Thread 0x00007f828e813800 Uncommon trap: reason=unstable_if action=reinterpret pc=0x000000011a5feb34 method=java.lang.AbstractStringBuilder.isLatin1()Z @ 10 c2
Event: 3.264 Thread 0x00007f828e813800 Uncommon trap: reason=unstable_if action=reinterpret pc=0x000000011a5f2254 method=java.lang.String.startsWith(Ljava/lang/String;I)Z @ 46 c2
Event: 3.265 Thread 0x00007f828e813800 Uncommon trap: reason=unstable_if action=reinterpret pc=0x000000011a59e2fc method=java.lang.String.isLatin1()Z @ 10 c2
Event: 3.265 Thread 0x00007f828e813800 Uncommon trap: reason=unstable_if action=reinterpret pc=0x000000011a5f5674 method=java.lang.String.startsWith(Ljava/lang/String;I)Z @ 46 c2
Event: 3.296 Thread 0x00007f828e813800 Uncommon trap: reason=unstable_if action=reinterpret pc=0x000000011a612f68 method=java.util.concurrent.ConcurrentHashMap.putVal(Ljava/lang/Object;Ljava/lang/Object;Z)Ljava/lang/Object; @ 245 c2
Event: 3.296 Thread 0x00007f828e813800 Uncommon trap: reason=unstable_if action=reinterpret pc=0x000000011a5af62c method=java.lang.String.isLatin1()Z @ 10 c2
Event: 3.831 Thread 0x00007f828e813800 Uncommon trap: reason=unstable_if action=reinterpret pc=0x000000011a628e50 method=jdk.internal.org.objectweb.asm.Type.getArgumentsAndReturnSizes(Ljava/lang/String;)I @ 41 c2
Event: 10.992 Thread 0x00007f828e813800 Uncommon trap: reason=class_check action=maybe_recompile pc=0x000000011a621740 method=java.util.concurrent.ConcurrentHashMap.putVal(Ljava/lang/Object;Ljava/lang/Object;Z)Ljava/lang/Object; @ 242 c2

Classes redefined (3 events):
Event: 560.480 Thread 0x00007f828d85d800 redefined class name=OrangeHRMTests, count=1
Event: 879.204 Thread 0x00007f828d85d800 redefined class name=OrangeHRMTests, count=2
Event: 968.691 Thread 0x00007f828d85d800 redefined class name=OrangeHRMTests, count=3

Internal exceptions (10 events):
Event: 4.190 Thread 0x00007f828e813800 Exception <a 'java/lang/NoSuchMethodError'{0x00000007867c8b30}: java.lang.invoke.DirectMethodHandle$Holder.invokeStatic(Ljava/lang/Object;Ljava/lang/Object;Ljava/lang/Object;Ljava/lang/Object;)V> (0x00000007867c8b30) thrown at [./open/src/hotspot/share/in
Event: 6.994 Thread 0x00007f828e813800 Exception <a 'java/lang/NoSuchMethodError'{0x000000078658de20}: java.lang.invoke.DirectMethodHandle$Holder.invokeSpecialIFC(Ljava/lang/Object;Ljava/lang/Object;Ljava/lang/Object;)Ljava/lang/Object;> (0x000000078658de20) thrown at [./open/src/hotspot/share
Event: 7.053 Thread 0x00007f828e813800 Exception <a 'java/lang/ClassNotFoundException'{0x000000078641ddf8}: sun/util/logging/resources/spi/loggingProvider> (0x000000078641ddf8) thrown at [./open/src/hotspot/share/classfile/systemDictionary.cpp, line 228]
Event: 7.232 Thread 0x00007f828e813800 Exception <a 'java/net/SocketTimeoutException'{0x00000007864e2c00}: Read timed out> (0x00000007864e2c00) thrown at [./open/src/hotspot/share/prims/jni.cpp, line 632]
Event: 26.511 Thread 0x00007f828e813800 Exception <a 'java/net/SocketTimeoutException'{0x0000000786227250}: Read timed out> (0x0000000786227250) thrown at [./open/src/hotspot/share/prims/jni.cpp, line 632]
Event: 26.932 Thread 0x00007f828e813800 Exception <a 'java/net/SocketTimeoutException'{0x000000078625bee0}: Read timed out> (0x000000078625bee0) thrown at [./open/src/hotspot/share/prims/jni.cpp, line 632]
Event: 31.098 Thread 0x00007f828e813800 Exception <a 'java/net/SocketTimeoutException'{0x000000078626d8c8}: Read timed out> (0x000000078626d8c8) thrown at [./open/src/hotspot/share/prims/jni.cpp, line 632]
Event: 31.389 Thread 0x00007f828e813800 Exception <a 'java/net/SocketTimeoutException'{0x0000000786289650}: Read timed out> (0x0000000786289650) thrown at [./open/src/hotspot/share/prims/jni.cpp, line 632]
Event: 34.580 Thread 0x00007f828e813800 Exception <a 'java/net/SocketTimeoutException'{0x000000078629ae70}: Read timed out> (0x000000078629ae70) thrown at [./open/src/hotspot/share/prims/jni.cpp, line 632]
Event: 34.799 Thread 0x00007f828e813800 Exception <a 'java/net/SocketTimeoutException'{0x00000007862b24b0}: Read timed out> (0x00000007862b24b0) thrown at [./open/src/hotspot/share/prims/jni.cpp, line 632]

Events (10 events):
Event: 968.729 Executing VM operation: GetStackTrace done
Event: 969.141 Executing VM operation: GetFrameCount
Event: 969.141 Executing VM operation: GetFrameCount done
Event: 969.142 Executing VM operation: GetOwnedMonitorInfo
Event: 969.142 Executing VM operation: GetOwnedMonitorInfo done
Event: 969.142 Executing VM operation: GetCurrentContendedMonitor
Event: 969.142 Executing VM operation: GetCurrentContendedMonitor done
Event: 969.178 Executing VM operation: GetFrameLocation
Event: 969.179 Executing VM operation: GetFrameLocation done
Event: 969.179 Executing VM operation: GetOrSetLocal


Dynamic libraries:
0x0000000105ba5000 	/Library/Java/JavaVirtualMachines/jdk-11.0.12.jdk/Contents/Home/lib/jli/libjli.dylib
0x00007ff81f56a000 	/System/Library/Frameworks/Cocoa.framework/Versions/A/Cocoa
0x00007ff80b3ef000 	/System/Library/Frameworks/AppKit.framework/Versions/C/AppKit
0x00007ff80e8e5000 	/System/Library/Frameworks/CoreData.framework/Versions/A/CoreData
0x00007ff809806000 	/System/Library/Frameworks/Foundation.framework/Versions/C/Foundation
0x00007ff8136a5000 	/usr/lib/libSystem.B.dylib
0x00007ff80c27e000 	/System/Library/PrivateFrameworks/UIFoundation.framework/Versions/A/UIFoundation
0x00007ff81951b000 	/System/Library/PrivateFrameworks/RemoteViewServices.framework/Versions/A/RemoteViewServices
0x00007ff81190b000 	/System/Library/PrivateFrameworks/XCTTargetBootstrap.framework/Versions/A/XCTTargetBootstrap
0x00007ff8154b5000 	/System/Library/PrivateFrameworks/InternationalSupport.framework/Versions/A/InternationalSupport
0x00007ff81553f000 	/System/Library/PrivateFrameworks/UserActivity.framework/Versions/A/UserActivity
0x00007ff814895000 	/usr/lib/libspindump.dylib
0x00007ff80c50c000 	/System/Library/Frameworks/UniformTypeIdentifiers.framework/Versions/A/UniformTypeIdentifiers
0x00007ff810048000 	/usr/lib/libapp_launch_measurement.dylib
0x00007ff80f2b1000 	/System/Library/PrivateFrameworks/CoreAnalytics.framework/Versions/A/CoreAnalytics
0x00007ff81004b000 	/System/Library/PrivateFrameworks/CoreAutoLayout.framework/Versions/A/CoreAutoLayout
0x00007ff81126b000 	/System/Library/Frameworks/Metal.framework/Versions/A/Metal
0x00007ff811f81000 	/usr/lib/liblangid.dylib
0x00007ff81190f000 	/System/Library/PrivateFrameworks/CoreSVG.framework/Versions/A/CoreSVG
0x00007ff80d8d3000 	/System/Library/PrivateFrameworks/SkyLight.framework/Versions/A/SkyLight
0x00007ff80dc66000 	/System/Library/Frameworks/CoreGraphics.framework/Versions/A/CoreGraphics
0x00007ff819b8a000 	/System/Library/Frameworks/Accelerate.framework/Versions/A/Accelerate
0x00007ff814310000 	/System/Library/PrivateFrameworks/IconServices.framework/Versions/A/IconServices
0x00007ff811250000 	/System/Library/Frameworks/IOSurface.framework/Versions/A/IOSurface
0x00007ff80f2df000 	/usr/lib/libDiagnosticMessagesClient.dylib
0x00007ff8135c5000 	/usr/lib/libz.1.dylib
0x00007ff81d1f9000 	/System/Library/Frameworks/ApplicationServices.framework/Versions/A/ApplicationServices
0x00007ff8118f7000 	/System/Library/PrivateFrameworks/DFRFoundation.framework/Versions/A/DFRFoundation
0x00007ff80ace0000 	/usr/lib/libicucore.A.dylib
0x00007ff8161da000 	/System/Library/Frameworks/AudioToolbox.framework/Versions/A/AudioToolbox
0x00007ff8154c1000 	/System/Library/PrivateFrameworks/DataDetectorsCore.framework/Versions/A/DataDetectorsCore
0x00007ff910e20000 	/System/Library/PrivateFrameworks/TextInput.framework/Versions/A/TextInput
0x00007ff80d857000 	/usr/lib/libMobileGestalt.dylib
0x00007ff8115ff000 	/System/Library/Frameworks/Carbon.framework/Versions/A/Frameworks/HIToolbox.framework/Versions/A/HIToolbox
0x00007ff80fa75000 	/System/Library/Frameworks/QuartzCore.framework/Versions/A/QuartzCore
0x00007ff80a980000 	/System/Library/Frameworks/Security.framework/Versions/A/Security
0x00007ff819553000 	/System/Library/Frameworks/Carbon.framework/Versions/A/Frameworks/SpeechRecognition.framework/Versions/A/SpeechRecognition
0x00007ff80fda8000 	/System/Library/PrivateFrameworks/CoreUI.framework/Versions/A/CoreUI
0x00007ff80a258000 	/System/Library/Frameworks/CoreAudio.framework/Versions/A/CoreAudio
0x00007ff80f3cd000 	/System/Library/Frameworks/DiskArbitration.framework/Versions/A/DiskArbitration
0x00007ff814c7c000 	/System/Library/PrivateFrameworks/MultitouchSupport.framework/Versions/A/MultitouchSupport
0x00007ff80d856000 	/usr/lib/libenergytrace.dylib
0x00007ff80b2db000 	/System/Library/Frameworks/IOKit.framework/Versions/A/IOKit
0x00007ff81993f000 	/System/Library/Frameworks/CoreServices.framework/Versions/A/CoreServices
0x00007ff80ffe2000 	/System/Library/PrivateFrameworks/PerformanceAnalysis.framework/Versions/A/PerformanceAnalysis
0x00007ffa205eb000 	/System/Library/Frameworks/OpenGL.framework/Versions/A/OpenGL
0x00007ff812bf6000 	/System/Library/PrivateFrameworks/MobileKeyBag.framework/Versions/A/MobileKeyBag
0x00007ff8087c7000 	/usr/lib/libobjc.A.dylib
0x00007ff80e332000 	/System/Library/Frameworks/ColorSync.framework/Versions/A/ColorSync
0x00007ff808980000 	/System/Library/Frameworks/CoreFoundation.framework/Versions/A/CoreFoundation
0x00007ff811b88000 	/System/Library/Frameworks/CoreImage.framework/Versions/A/CoreImage
0x00007ff80a06e000 	/System/Library/Frameworks/CoreText.framework/Versions/A/CoreText
0x00007ff81193e000 	/System/Library/Frameworks/ImageIO.framework/Versions/A/ImageIO
0x00007ff8136ab000 	/System/Library/PrivateFrameworks/SoftLinking.framework/Versions/A/SoftLinking
0x00007ff810093000 	/usr/lib/libxml2.2.dylib
0x00007ff80888d000 	/usr/lib/libc++.1.dylib
0x00007ff81392f000 	/usr/lib/libcompression.dylib
0x00007ff8153eb000 	/System/Library/PrivateFrameworks/TextureIO.framework/Versions/A/TextureIO
0x00007ff814022000 	/usr/lib/libate.dylib
0x00007ff8136a0000 	/usr/lib/system/libcache.dylib
0x00007ff81365c000 	/usr/lib/system/libcommonCrypto.dylib
0x00007ff813685000 	/usr/lib/system/libcompiler_rt.dylib
0x00007ff81367b000 	/usr/lib/system/libcopyfile.dylib
0x00007ff8086c1000 	/usr/lib/system/libcorecrypto.dylib
0x00007ff808780000 	/usr/lib/system/libdispatch.dylib
0x00007ff80893f000 	/usr/lib/system/libdyld.dylib
0x00007ff813697000 	/usr/lib/system/libkeymgr.dylib
0x00007ff81363a000 	/usr/lib/system/libmacho.dylib
0x00007ff812cca000 	/usr/lib/system/libquarantine.dylib
0x00007ff813695000 	/usr/lib/system/libremovefile.dylib
0x00007ff80d8a3000 	/usr/lib/system/libsystem_asl.dylib
0x00007ff80866f000 	/usr/lib/system/libsystem_blocks.dylib
0x00007ff808804000 	/usr/lib/system/libsystem_c.dylib
0x00007ff81368d000 	/usr/lib/system/libsystem_collections.dylib
0x00007ff811f72000 	/usr/lib/system/libsystem_configuration.dylib
0x00007ff811233000 	/usr/lib/system/libsystem_containermanager.dylib
0x00007ff813377000 	/usr/lib/system/libsystem_coreservices.dylib
0x00007ff80af69000 	/usr/lib/system/libsystem_darwin.dylib
0x00007ff813698000 	/usr/lib/system/libsystem_dnssd.dylib
0x00007ff808801000 	/usr/lib/system/libsystem_featureflags.dylib
0x00007ff808955000 	/usr/lib/system/libsystem_info.dylib
0x00007ff8135d8000 	/usr/lib/system/libsystem_m.dylib
0x00007ff808754000 	/usr/lib/system/libsystem_malloc.dylib
0x00007ff80d840000 	/usr/lib/system/libsystem_networkextension.dylib
0x00007ff80b391000 	/usr/lib/system/libsystem_notify.dylib
0x00007ff819814000 	/usr/lib/system/libsystem_product_info_filter.dylib
0x00007ff811f76000 	/usr/lib/system/libsystem_sandbox.dylib
0x00007ff813692000 	/usr/lib/system/libsystem_secinit.dylib
0x00007ff8088fc000 	/usr/lib/system/libsystem_kernel.dylib
0x00007ff80894b000 	/usr/lib/system/libsystem_platform.dylib
0x00007ff808933000 	/usr/lib/system/libsystem_pthread.dylib
0x00007ff80f0f8000 	/usr/lib/system/libsystem_symptoms.dylib
0x00007ff8086a8000 	/usr/lib/system/libsystem_trace.dylib
0x00007ff813668000 	/usr/lib/system/libunwind.dylib
0x00007ff808671000 	/usr/lib/system/libxpc.dylib
0x00007ff8088e6000 	/usr/lib/libc++abi.dylib
0x00007ff813673000 	/usr/lib/liboah.dylib
0x00007ff813e00000 	/usr/lib/liblzma.5.dylib
0x00007ff809517000 	/System/Library/Frameworks/SystemConfiguration.framework/Versions/A/SystemConfiguration
0x00007ff8136a7000 	/usr/lib/libfakelink.dylib
0x00007ff80d3a9000 	/System/Library/Frameworks/CFNetwork.framework/Versions/A/CFNetwork
0x00007ff8137e6000 	/usr/lib/libarchive.2.dylib
0x00007ff811f7d000 	/System/Library/PrivateFrameworks/AppleSystemInfo.framework/Versions/A/AppleSystemInfo
0x00007ff812cf1000 	/usr/lib/libbsm.0.dylib
0x00007ff80c9df000 	/usr/lib/libnetwork.dylib
0x00007ff813640000 	/usr/lib/system/libkxld.dylib
0x00007ff81291f000 	/System/Library/PrivateFrameworks/IOMobileFramebuffer.framework/Versions/A/IOMobileFramebuffer
0x00007ffb1e399000 	/usr/lib/libCoreEntitlements.dylib
0x00007ff813359000 	/System/Library/PrivateFrameworks/AppleFSCompression.framework/Versions/A/AppleFSCompression
0x00007ff812cd9000 	/usr/lib/libcoretls.dylib
0x00007ff813e1a000 	/usr/lib/libcoretls_cfhelpers.dylib
0x00007ff81392a000 	/usr/lib/libpam.2.dylib
0x00007ff80ed1a000 	/usr/lib/libsqlite3.dylib
0x00007ff813e89000 	/usr/lib/libxar.1.dylib
0x00007ff813369000 	/usr/lib/libbz2.1.0.dylib
0x00007ff8136ac000 	/usr/lib/libpcap.A.dylib
0x00007ff80f0ef000 	/usr/lib/libdns_services.dylib
0x00007ff8138f9000 	/usr/lib/libapple_nghttp2.dylib
0x00007ff8136e3000 	/usr/lib/libiconv.2.dylib
0x00007ff813639000 	/usr/lib/libcharset.1.dylib
0x00007ff810016000 	/System/Library/Frameworks/CoreServices.framework/Versions/A/Frameworks/FSEvents.framework/Versions/A/FSEvents
0x00007ff80af73000 	/System/Library/Frameworks/CoreServices.framework/Versions/A/Frameworks/CarbonCore.framework/Versions/A/CarbonCore
0x00007ff80f332000 	/System/Library/Frameworks/CoreServices.framework/Versions/A/Frameworks/Metadata.framework/Versions/A/Metadata
0x00007ff81337c000 	/System/Library/Frameworks/CoreServices.framework/Versions/A/Frameworks/OSServices.framework/Versions/A/OSServices
0x00007ff81386d000 	/System/Library/Frameworks/CoreServices.framework/Versions/A/Frameworks/SearchKit.framework/Versions/A/SearchKit
0x00007ff80f081000 	/System/Library/Frameworks/CoreServices.framework/Versions/A/Frameworks/AE.framework/Versions/A/AE
0x00007ff808e83000 	/System/Library/Frameworks/CoreServices.framework/Versions/A/Frameworks/LaunchServices.framework/Versions/A/LaunchServices
0x00007ff813db1000 	/System/Library/Frameworks/CoreServices.framework/Versions/A/Frameworks/DictionaryServices.framework/Versions/A/DictionaryServices
0x00007ff810023000 	/System/Library/Frameworks/CoreServices.framework/Versions/A/Frameworks/SharedFileList.framework/Versions/A/SharedFileList
0x00007ff812ccd000 	/usr/lib/libCheckFix.dylib
0x00007ff80d8ba000 	/System/Library/PrivateFrameworks/TCC.framework/Versions/A/TCC
0x00007ff811f83000 	/System/Library/PrivateFrameworks/CoreNLP.framework/Versions/A/CoreNLP
0x00007ff80f2e2000 	/System/Library/PrivateFrameworks/MetadataUtilities.framework/Versions/A/MetadataUtilities
0x00007ff8095c7000 	/usr/lib/libmecabra.dylib
0x00007ff812d01000 	/usr/lib/libmecab.dylib
0x00007ff809592000 	/usr/lib/libCRFSuite.dylib
0x00007ff812d5e000 	/usr/lib/libgermantok.dylib
0x00007ff8138d4000 	/usr/lib/libThaiTokenizer.dylib
0x00007ff80f3d4000 	/System/Library/Frameworks/Accelerate.framework/Versions/A/Frameworks/vImage.framework/Versions/A/vImage
0x00007ff819916000 	/System/Library/Frameworks/Accelerate.framework/Versions/A/Frameworks/vecLib.framework/Versions/A/vecLib
0x00007ff813eca000 	/System/Library/Frameworks/Accelerate.framework/Versions/A/Frameworks/vecLib.framework/Versions/A/libvMisc.dylib
0x00007ff81273d000 	/System/Library/Frameworks/Accelerate.framework/Versions/A/Frameworks/vecLib.framework/Versions/A/libvDSP.dylib
0x00007ff8091fb000 	/System/Library/Frameworks/Accelerate.framework/Versions/A/Frameworks/vecLib.framework/Versions/A/libBLAS.dylib
0x00007ff813a0b000 	/System/Library/Frameworks/Accelerate.framework/Versions/A/Frameworks/vecLib.framework/Versions/A/libLAPACK.dylib
0x00007ff812d61000 	/System/Library/Frameworks/Accelerate.framework/Versions/A/Frameworks/vecLib.framework/Versions/A/libLinearAlgebra.dylib
0x00007ff813912000 	/System/Library/Frameworks/Accelerate.framework/Versions/A/Frameworks/vecLib.framework/Versions/A/libSparseBLAS.dylib
0x00007ff813a05000 	/System/Library/Frameworks/Accelerate.framework/Versions/A/Frameworks/vecLib.framework/Versions/A/libQuadrature.dylib
0x00007ff81206d000 	/System/Library/Frameworks/Accelerate.framework/Versions/A/Frameworks/vecLib.framework/Versions/A/libBNNS.dylib
0x00007ff8094a8000 	/System/Library/Frameworks/Accelerate.framework/Versions/A/Frameworks/vecLib.framework/Versions/A/libSparse.dylib
0x00007ff812066000 	/System/Library/PrivateFrameworks/LinguisticData.framework/Versions/A/LinguisticData
0x00007ff80945d000 	/System/Library/PrivateFrameworks/Lexicon.framework/Versions/A/Lexicon
0x00007ff813ec3000 	/usr/lib/libChineseTokenizer.dylib
0x00007ff809bc1000 	/System/Library/PrivateFrameworks/LanguageModeling.framework/Versions/A/LanguageModeling
0x00007ff8138d6000 	/System/Library/PrivateFrameworks/AppleSauce.framework/Versions/A/AppleSauce
0x00007ff81290d000 	/System/Library/PrivateFrameworks/CoreEmoji.framework/Versions/A/CoreEmoji
0x00007ff8137d5000 	/usr/lib/libcmph.dylib
0x00007ff80fffa000 	/System/Library/Frameworks/OpenDirectory.framework/Versions/A/Frameworks/CFOpenDirectory.framework/Versions/A/CFOpenDirectory
0x00007ff80ffee000 	/System/Library/Frameworks/OpenDirectory.framework/Versions/A/OpenDirectory
0x00007ff813e1c000 	/System/Library/PrivateFrameworks/APFS.framework/Versions/A/APFS
0x00007ff812c2e000 	/System/Library/Frameworks/SecurityFoundation.framework/Versions/A/SecurityFoundation
0x00007ff813e97000 	/usr/lib/libutil.dylib
0x00007ff80b29e000 	/System/Library/PrivateFrameworks/CoreServicesStore.framework/Versions/A/CoreServicesStore
0x00007ff813e9b000 	/usr/lib/libxslt.1.dylib
0x00007ff812cbb000 	/System/Library/PrivateFrameworks/BackgroundTaskManagement.framework/Versions/A/BackgroundTaskManagement
0x00007ff81530b000 	/System/Library/Frameworks/ImageIO.framework/Versions/A/Resources/libRadiance.dylib
0x00007ff815314000 	/System/Library/Frameworks/ImageIO.framework/Versions/A/Resources/libJPEG.dylib
0x00007ff815264000 	/System/Library/Frameworks/ImageIO.framework/Versions/A/Resources/libPng.dylib
0x00007ff815285000 	/System/Library/Frameworks/ImageIO.framework/Versions/A/Resources/libTIFF.dylib
0x00007ff815374000 	/System/Library/Frameworks/ImageIO.framework/Versions/A/Resources/libGIF.dylib
0x00007ff814b95000 	/System/Library/Frameworks/ImageIO.framework/Versions/A/Resources/libJP2.dylib
0x00007ff8142d7000 	/usr/lib/libexpat.1.dylib
0x00007ff814b4a000 	/System/Library/PrivateFrameworks/AppleJPEG.framework/Versions/A/AppleJPEG
0x00007ff8114c6000 	/System/Library/PrivateFrameworks/FontServices.framework/libFontParser.dylib
0x00007ff80f02b000 	/System/Library/PrivateFrameworks/RunningBoardServices.framework/Versions/A/RunningBoardServices
0x00007ff81fae4000 	/System/Library/PrivateFrameworks/IOSurfaceAccelerator.framework/Versions/A/IOSurfaceAccelerator
0x00007ff814c78000 	/System/Library/PrivateFrameworks/WatchdogClient.framework/Versions/A/WatchdogClient
0x00007ff809cb0000 	/System/Library/Frameworks/CoreDisplay.framework/Versions/A/CoreDisplay
0x00007ff8113c5000 	/System/Library/Frameworks/CoreMedia.framework/Versions/A/CoreMedia
0x00007ff811262000 	/System/Library/PrivateFrameworks/IOAccelerator.framework/Versions/A/IOAccelerator
0x00007ff810176000 	/System/Library/Frameworks/CoreVideo.framework/Versions/A/CoreVideo
0x00007ff813928000 	/System/Library/Frameworks/MetalPerformanceShaders.framework/Versions/A/MetalPerformanceShaders
0x00007ff814cb3000 	/System/Library/Frameworks/VideoToolbox.framework/Versions/A/VideoToolbox
0x00007ff80ef73000 	/System/Library/PrivateFrameworks/BaseBoard.framework/Versions/A/BaseBoard
0x00007ff80ed00000 	/System/Library/PrivateFrameworks/ProtocolBuffer.framework/Versions/A/ProtocolBuffer
0x00007ff815304000 	/System/Library/PrivateFrameworks/GPUWrangler.framework/Versions/A/GPUWrangler
0x00007ff8152e7000 	/System/Library/PrivateFrameworks/IOPresentment.framework/Versions/A/IOPresentment
0x00007ff81530e000 	/System/Library/PrivateFrameworks/DSExternalDisplay.framework/Versions/A/DSExternalDisplay
0x00007ffa205df000 	/System/Library/Frameworks/OpenGL.framework/Versions/A/Libraries/libCoreFSCache.dylib
0x00007ffb0c683000 	/System/Library/PrivateFrameworks/GPUCompiler.framework/Versions/31001/Libraries/libGPUCompilerUtils.dylib
0x00007ff815379000 	/System/Library/PrivateFrameworks/CMCaptureCore.framework/Versions/A/CMCaptureCore
0x00007ff814883000 	/System/Library/PrivateFrameworks/AppServerSupport.framework/Versions/A/AppServerSupport
0x00007ff816a60000 	/System/Library/PrivateFrameworks/perfdata.framework/Versions/A/perfdata
0x00007ff809ddc000 	/System/Library/PrivateFrameworks/AudioToolboxCore.framework/Versions/A/AudioToolboxCore
0x00007ff8113a2000 	/System/Library/PrivateFrameworks/caulk.framework/Versions/A/caulk
0x00007ff816384000 	/usr/lib/libAudioStatistics.dylib
0x00007ff90d6b1000 	/System/Library/PrivateFrameworks/SystemPolicy.framework/Versions/A/SystemPolicy
0x00007ff8165d9000 	/usr/lib/libSMC.dylib
0x00007ff81f41d000 	/System/Library/Frameworks/CoreMIDI.framework/Versions/A/CoreMIDI
0x00007ff815234000 	/usr/lib/libAudioToolboxUtility.dylib
0x00007ff909ac3000 	/System/Library/PrivateFrameworks/OSAServicesClient.framework/Versions/A/OSAServicesClient
0x00007ff816a6d000 	/usr/lib/libperfcheck.dylib
0x00007ff90e143000 	/usr/lib/libmis.dylib
0x00007ffa2063b000 	/System/Library/Frameworks/OpenGL.framework/Versions/A/Libraries/libGLU.dylib
0x00007ffa205fe000 	/System/Library/Frameworks/OpenGL.framework/Versions/A/Libraries/libGFXShared.dylib
0x00007ffa2080c000 	/System/Library/Frameworks/OpenGL.framework/Versions/A/Libraries/libGL.dylib
0x00007ffa20607000 	/System/Library/Frameworks/OpenGL.framework/Versions/A/Libraries/libGLImage.dylib
0x00007ffa205fb000 	/System/Library/Frameworks/OpenGL.framework/Versions/A/Libraries/libCVMSPluginSupport.dylib
0x00007ffa205e6000 	/System/Library/Frameworks/OpenGL.framework/Versions/A/Libraries/libCoreVMClient.dylib
0x00007ff811f01000 	/System/Library/Frameworks/MetalPerformanceShaders.framework/Versions/A/Frameworks/MPSCore.framework/Versions/A/MPSCore
0x00007ff8132c4000 	/System/Library/Frameworks/MetalPerformanceShaders.framework/Versions/A/Frameworks/MPSImage.framework/Versions/A/MPSImage
0x00007ff812d77000 	/System/Library/Frameworks/MetalPerformanceShaders.framework/Versions/A/Frameworks/MPSNeuralNetwork.framework/Versions/A/MPSNeuralNetwork
0x00007ff8131ec000 	/System/Library/Frameworks/MetalPerformanceShaders.framework/Versions/A/Frameworks/MPSMatrix.framework/Versions/A/MPSMatrix
0x00007ff812fa8000 	/System/Library/Frameworks/MetalPerformanceShaders.framework/Versions/A/Frameworks/MPSRayIntersector.framework/Versions/A/MPSRayIntersector
0x00007ff813225000 	/System/Library/Frameworks/MetalPerformanceShaders.framework/Versions/A/Frameworks/MPSNDArray.framework/Versions/A/MPSNDArray
0x00007ffa251fd000 	/System/Library/Frameworks/MetalPerformanceShaders.framework/Versions/A/Frameworks/MPSFunctions.framework/Versions/A/MPSFunctions
0x00007ff8090de000 	/System/Library/PrivateFrameworks/MetalTools.framework/Versions/A/MetalTools
0x00007ff811f7b000 	/System/Library/PrivateFrameworks/AggregateDictionary.framework/Versions/A/AggregateDictionary
0x00007ff8140b9000 	/usr/lib/libIOReport.dylib
0x00007ffa21c1b000 	/System/Library/Frameworks/OpenCL.framework/Versions/A/OpenCL
0x00007ff81441d000 	/System/Library/PrivateFrameworks/FaceCore.framework/Versions/A/FaceCore
0x00007ff81440e000 	/System/Library/PrivateFrameworks/GraphVisualizer.framework/Versions/A/GraphVisualizer
0x00007ffb0c58e000 	/System/Library/PrivateFrameworks/FontServices.framework/Versions/A/FontServices
0x00007ff81483a000 	/System/Library/PrivateFrameworks/OTSVG.framework/Versions/A/OTSVG
0x00007ff80fd5e000 	/System/Library/Frameworks/ApplicationServices.framework/Versions/A/Frameworks/ATS.framework/Versions/A/Resources/libFontRegistry.dylib
0x00007ff81488b000 	/System/Library/PrivateFrameworks/FontServices.framework/libhvf.dylib
0x00007ffb0c58f000 	/System/Library/PrivateFrameworks/FontServices.framework/libXTFontStaticRegistryData.dylib
0x00007ff814287000 	/System/Library/PrivateFrameworks/AppleVA.framework/Versions/A/AppleVA
0x00007ff8163a8000 	/System/Library/Frameworks/ApplicationServices.framework/Versions/A/Frameworks/ATS.framework/Versions/A/ATS
0x00007ff80e42e000 	/System/Library/Frameworks/ApplicationServices.framework/Versions/A/Frameworks/HIServices.framework/Versions/A/HIServices
0x00007ff815383000 	/System/Library/Frameworks/ApplicationServices.framework/Versions/A/Frameworks/PrintCore.framework/Versions/A/PrintCore
0x00007ff81672c000 	/System/Library/Frameworks/ApplicationServices.framework/Versions/A/Frameworks/QD.framework/Versions/A/QD
0x00007ff816724000 	/System/Library/Frameworks/ApplicationServices.framework/Versions/A/Frameworks/ColorSyncLegacy.framework/Versions/A/ColorSyncLegacy
0x00007ff816398000 	/System/Library/Frameworks/ApplicationServices.framework/Versions/A/Frameworks/SpeechSynthesis.framework/Versions/A/SpeechSynthesis
0x00007ff815344000 	/System/Library/Frameworks/ApplicationServices.framework/Versions/A/Frameworks/ATSUI.framework/Versions/A/ATSUI
0x00007ff8166b9000 	/usr/lib/libcups.2.dylib
0x00007ff816a7c000 	/System/Library/Frameworks/Kerberos.framework/Versions/A/Kerberos
0x00007ff816a8b000 	/System/Library/Frameworks/GSS.framework/Versions/A/GSS
0x00007ff816414000 	/usr/lib/libresolv.9.dylib
0x00007ff81489a000 	/System/Library/PrivateFrameworks/Heimdal.framework/Versions/A/Heimdal
0x00007ff81d574000 	/System/Library/Frameworks/Kerberos.framework/Versions/A/Libraries/libHeimdalProxy.dylib
0x00007ff80f100000 	/System/Library/Frameworks/Network.framework/Versions/A/Network
0x00007ff8142f1000 	/usr/lib/libheimdal-asn1.dylib
0x00007ff816ad7000 	/System/Library/PrivateFrameworks/CommonAuth.framework/Versions/A/CommonAuth
0x00007ff816315000 	/System/Library/PrivateFrameworks/AudioSession.framework/Versions/A/AudioSession
0x00007ff814381000 	/System/Library/PrivateFrameworks/MediaExperience.framework/Versions/A/MediaExperience
0x00007ff8161a9000 	/System/Library/PrivateFrameworks/AudioSession.framework/libSessionUtility.dylib
0x00007ff816738000 	/System/Library/PrivateFrameworks/AudioResourceArbitration.framework/Versions/A/AudioResourceArbitration
0x00007ff81a729000 	/System/Library/PrivateFrameworks/PowerLog.framework/Versions/A/PowerLog
0x00007ff8142fa000 	/System/Library/PrivateFrameworks/IconFoundation.framework/Versions/A/IconFoundation
0x00007ff819543000 	/System/Library/PrivateFrameworks/SpeechRecognitionCore.framework/Versions/A/SpeechRecognitionCore
0x0000000106934000 	/Library/Java/JavaVirtualMachines/jdk-11.0.12.jdk/Contents/Home/lib/server/libjvm.dylib
0x0000000105bd3000 	/Library/Java/JavaVirtualMachines/jdk-11.0.12.jdk/Contents/Home/lib/libverify.dylib
0x0000000105c0f000 	/Library/Java/JavaVirtualMachines/jdk-11.0.12.jdk/Contents/Home/lib/libjava.dylib
0x0000000105be3000 	/Library/Java/JavaVirtualMachines/jdk-11.0.12.jdk/Contents/Home/lib/libjimage.dylib
0x0000000105c77000 	/Library/Java/JavaVirtualMachines/jdk-11.0.12.jdk/Contents/Home/lib/libjdwp.dylib
0x0000000105bfc000 	/Library/Java/JavaVirtualMachines/jdk-11.0.12.jdk/Contents/Home/lib/libzip.dylib
0x0000000105c51000 	/Library/Java/JavaVirtualMachines/jdk-11.0.12.jdk/Contents/Home/lib/libdt_socket.dylib
0x000000010670f000 	/Library/Java/JavaVirtualMachines/jdk-11.0.12.jdk/Contents/Home/lib/libnio.dylib
0x0000000106721000 	/Library/Java/JavaVirtualMachines/jdk-11.0.12.jdk/Contents/Home/lib/libnet.dylib
0x0000000105c5b000 	/Library/Java/JavaVirtualMachines/jdk-11.0.12.jdk/Contents/Home/lib/libextnet.dylib
0x0000000106764000 	/Library/Java/JavaVirtualMachines/jdk-11.0.12.jdk/Contents/Home/lib/libsunec.dylib
0x0000000105c62000 	/Library/Java/JavaVirtualMachines/jdk-11.0.12.jdk/Contents/Home/lib/libprefs.dylib


VM Arguments:
jvm_args: -agentlib:jdwp=transport=dt_socket,suspend=y,address=localhost:54620 -ea -Dfile.encoding=UTF-8 
java_command: org.testng.remote.RemoteTestNG -serport 54619 -protocol json -d /Users/chiranjeebsarkar/eclipse-workspace/Aytomation_Tutorial/OrangeHRM/test-output /var/folders/tv/d5ggt3291q903h_gh8c_fr300000gn/T/testng-eclipse--170077944/testng-customsuite.xml
java_class_path (initial): /Applications/Eclipse.app/Contents/Eclipse/configuration/org.eclipse.osgi/424/0/.cp/lib/testng-remote.jar:/Users/chiranjeebsarkar/eclipse-workspace/Aytomation_Tutorial/OrangeHRM/target/test-classes:/Users/chiranjeebsarkar/eclipse-workspace/Aytomation_Tutorial/OrangeHRM/target/classes:/Users/chiranjeebsarkar/.m2/repository/org/seleniumhq/selenium/selenium-java/3.141.59/selenium-java-3.141.59.jar:/Users/chiranjeebsarkar/.m2/repository/org/seleniumhq/selenium/selenium-api/3.141.59/selenium-api-3.141.59.jar:/Users/chiranjeebsarkar/.m2/repository/org/seleniumhq/selenium/selenium-chrome-driver/3.141.59/selenium-chrome-driver-3.141.59.jar:/Users/chiranjeebsarkar/.m2/repository/org/seleniumhq/selenium/selenium-edge-driver/3.141.59/selenium-edge-driver-3.141.59.jar:/Users/chiranjeebsarkar/.m2/repository/org/seleniumhq/selenium/selenium-firefox-driver/3.141.59/selenium-firefox-driver-3.141.59.jar:/Users/chiranjeebsarkar/.m2/repository/org/seleniumhq/selenium/selenium-ie-driver/3.141.59/selenium-ie-driver-3.141.59.jar:/Users/chiranjeebsarkar/.m2/repository/org/seleniumhq/selenium/selenium-opera-driver/3.141.59/selenium-opera-driver-3.141.59.jar:/Users/chiranjeebsarkar/.m2/repository/org/seleniumhq/selenium/selenium-remote-driver/3.141.59/selenium-remote-driver-3.141.59.jar:/Users/chiranjeebsarkar/.m2/repository/org/seleniumhq/selenium/selenium-safari-driver/3.141.59/selenium-safari-driver-3.141.59.jar:/Users/chiranjeebsarkar/.m2/repository/org/seleniumhq/selenium/selenium-support/3.141.59/selenium-support-3.141.59.jar:/Users/chiranjeebsarkar/.m2/repository/net/bytebuddy/byte-buddy/1.8.15/byte-buddy-1.8.15.jar:/Users/chiranjeebsarkar/.m2/repository/org/apache/commons/commons-exec/1.3/commons-exec-1.3.jar:/Users/chiranjeebsarkar/.m2/repository/com/google/guava/guava/25.0-jre/guava-25.0-jre.jar:/Users/chiranjeebsarkar/.m2/repository/com/google/code/findbugs/jsr305/1.3.9/jsr305-1.3.9.jar:/Users/chiranjeebsarkar/.m2/repository/org/checkerframework/check
Launcher Type: SUN_STANDARD

[Global flags]
     intx CICompilerCount                          = 3                                         {product} {ergonomic}
     uint ConcGCThreads                            = 1                                         {product} {ergonomic}
     uint G1ConcRefinementThreads                  = 4                                         {product} {ergonomic}
   size_t G1HeapRegionSize                         = 1048576                                   {product} {ergonomic}
    uintx GCDrainStackTargetSize                   = 64                                        {product} {ergonomic}
   size_t InitialHeapSize                          = 134217728                                 {product} {ergonomic}
   size_t MarkStackSize                            = 4194304                                   {product} {ergonomic}
   size_t MaxHeapSize                              = 2147483648                                {product} {ergonomic}
   size_t MaxNewSize                               = 1287651328                                {product} {ergonomic}
   size_t MinHeapDeltaBytes                        = 1048576                                   {product} {ergonomic}
    uintx NonNMethodCodeHeapSize                   = 5830732                                {pd product} {ergonomic}
    uintx NonProfiledCodeHeapSize                  = 122913754                              {pd product} {ergonomic}
    uintx ProfiledCodeHeapSize                     = 122913754                              {pd product} {ergonomic}
    uintx ReservedCodeCacheSize                    = 251658240                              {pd product} {ergonomic}
     bool SegmentedCodeCache                       = true                                      {product} {ergonomic}
     bool UseCompressedClassPointers               = true                                 {lp64_product} {ergonomic}
     bool UseCompressedOops                        = true                                 {lp64_product} {ergonomic}
     bool UseG1GC                                  = true                                      {product} {ergonomic}

Logging:
Log output configuration:
 #0: stdout all=warning uptime,level,tags
 #1: stderr all=off uptime,level,tags

Environment Variables:
PATH=/usr/bin:/bin:/usr/sbin:/sbin
SHELL=/bin/zsh

Signal Handlers:
SIGSEGV: [libjvm.dylib+0x79688e], sa_mask[0]=11111111011111110111111111111111, sa_flags=SA_ONSTACK|SA_RESTART|SA_SIGINFO
SIGBUS: [libjvm.dylib+0x79688e], sa_mask[0]=11111111011111110111111111111111, sa_flags=SA_RESTART|SA_SIGINFO
SIGFPE: [libjvm.dylib+0x79688e], sa_mask[0]=11111111011111110111111111111111, sa_flags=SA_RESTART|SA_SIGINFO
SIGPIPE: [libjvm.dylib+0x6488fa], sa_mask[0]=11111111011111110111111111111111, sa_flags=SA_RESTART|SA_SIGINFO
SIGXFSZ: [libjvm.dylib+0x6488fa], sa_mask[0]=11111111011111110111111111111111, sa_flags=SA_RESTART|SA_SIGINFO
SIGILL: [libjvm.dylib+0x79688e], sa_mask[0]=11111111011111110111111111111111, sa_flags=SA_RESTART|SA_SIGINFO
SIGUSR2: [libjvm.dylib+0x648ece], sa_mask[0]=00100000000000000000000000000000, sa_flags=SA_RESTART|SA_SIGINFO
SIGHUP: [libjvm.dylib+0x64798f], sa_mask[0]=11111111011111110111111111111111, sa_flags=SA_RESTART|SA_SIGINFO
SIGINT: [libjvm.dylib+0x64798f], sa_mask[0]=11111111011111110111111111111111, sa_flags=SA_RESTART|SA_SIGINFO
SIGTERM: [libjvm.dylib+0x64798f], sa_mask[0]=11111111011111110111111111111111, sa_flags=SA_RESTART|SA_SIGINFO
SIGQUIT: [libjvm.dylib+0x64798f], sa_mask[0]=11111111011111110111111111111111, sa_flags=SA_RESTART|SA_SIGINFO


---------------  S Y S T E M  ---------------

OS:uname:Darwin 21.2.0 Darwin Kernel Version 21.2.0: Sun Nov 28 20:28:54 PST 2021; root:xnu-8019.61.5~1/RELEASE_X86_64 x86_64
rlimit: STACK 8192k, CORE 0k, NPROC 1392, NOFILE 10240, AS infinity, DATA infinity, FSIZE infinity
load average:2.72 3.12 3.58

CPU:total 4 (initial active 4) (2 cores per cpu, 2 threads per core) family 6 model 61 stepping 4 microcode 0x2f, cmov, cx8, fxsr, mmx, sse, sse2, sse3, ssse3, sse4.1, sse4.2, popcnt, avx, avx2, aes, clmul, erms, rtm, 3dnowpref, lzcnt, ht, tsc, tscinvbit, bmi1, bmi2, adx, fma

Memory: 4k page, physical 8388608k(735848k free)

vm_info: Java HotSpot(TM) 64-Bit Server VM (11.0.12+8-LTS-237) for bsd-amd64 JRE (11.0.12+8-LTS-237), built on Jun  8 2021 10:26:22 by "mach5one" with gcc 4.2.1 Compatible Apple LLVM 11.0.0 (clang-1100.0.33.17)

END.
